<?xml version="1.0" encoding="utf-8"?><testsuites name="pytest tests"><testsuite name="pytest" errors="0" failures="0" skipped="0" tests="11" time="73.563" timestamp="2026-03-17T07:34:22.983262+01:00" hostname="SamDropbars-MBP.local"><testcase classname="tests.integration.test_assembly_real.TestSingleClipAssembly" name="test_single_clip_produces_valid_output" file="tests/integration/test_assembly_real.py" line="37" time="0.187" /><testcase classname="tests.integration.test_assembly_real.TestDefaultSettings" name="test_none_defaults_use_config_fallback" file="tests/integration/test_assembly_real.py" line="52" time="0.054" /><testcase classname="tests.integration.test_assembly_real.TestCrossfadeTransition" name="test_two_clips_with_crossfade" file="tests/integration/test_assembly_real.py" line="69" time="6.492" /><testcase classname="tests.integration.test_assembly_real.TestTitleScreenPIL" name="test_pil_title_renders_valid_video" file="tests/integration/test_assembly_real.py" line="89" time="19.440" /><testcase classname="tests.integration.test_cli_generate.TestCLIGenerateIntegration" name="test_generate_memory_from_real_immich" file="tests/integration/test_cli_generate.py" line="48" time="34.381" /><testcase classname="tests.integration.test_cli_generate.TestCLIGenerateIntegration" name="test_cli_generate_command_runs" file="tests/integration/test_cli_generate.py" line="113" time="0.026" /><testcase classname="tests.integration.test_generate_real.TestGenerateMemoryIntegration" name="test_generates_valid_video_from_clips" file="tests/integration/test_generate_real.py" line="24" time="6.960" /><testcase classname="tests.integration.test_generate_real.TestGenerateMemoryIntegration" name="test_single_clip_passthrough" file="tests/integration/test_generate_real.py" line="64" time="0.398" /><testcase classname="tests.test_scoring.TestSceneScorerIntegration" name="test_score_scene_returns_valid_moment" file="tests/test_scoring.py" line="330" time="1.021" /><testcase classname="tests.test_scoring.TestSceneScorerIntegration" name="test_score_produces_nonzero_motion" file="tests/test_scoring.py" line="352" time="0.122" /><testcase classname="tests.test_scoring.TestSceneScorerIntegration" name="test_find_best_moments_uses_cached_capture" file="tests/test_scoring.py" line="368" time="0.668" /></testsuite></testsuites>