<?xml version='1.0' encoding='utf-8'?>
<testsuites>
  <testsuite name="integration" tests="249" errors="0" failures="0" skipped="2" time="1252.650">
    <testcase classname="tests.integration.auth.test_oidc_flow.TestOIDCDiscovery" name="test_well_known_endpoint_reachable" time="0.442" />
    <testcase classname="tests.integration.auth.test_oidc_flow.TestOIDCAuthorizeRedirect" name="test_authorize_redirects_to_idp" time="0.042" />
    <testcase classname="tests.integration.auth.test_oidc_flow.TestOIDCFullFlow" name="test_full_auth_code_flow" time="0.150" />
    <testcase classname="tests.integration.auth.test_oidc_flow.TestOIDCCallbackErrors" name="test_callback_without_code" time="0.013" />
    <testcase classname="tests.integration.auth.test_oidc_flow.TestOIDCCallbackErrors" name="test_callback_with_invalid_state" time="0.036" />
    <testcase classname="tests.integration.auth.test_oidc_flow.TestBasicAuthIntegration" name="test_basic_login_flow" time="0.016" />
    <testcase classname="tests.integration.auth.test_oidc_flow.TestBasicAuthIntegration" name="test_basic_wrong_credentials" time="0.012" />
    <testcase classname="tests.integration.auth.test_oidc_flow.TestMiddlewareIntegration" name="test_health_bypasses_auth" time="0.014" />
    <testcase classname="tests.integration.auth.test_oidc_flow.TestMiddlewareIntegration" name="test_protected_page_redirects" time="0.013" />
    <testcase classname="tests.integration.auth.test_oidc_flow.TestMiddlewareIntegration" name="test_authenticated_session_passes" time="0.226" />
    <testcase classname="tests.integration.assembly.test_assembly.TestSingleClipAssembly" name="test_single_clip_produces_valid_output" time="0.165" />
    <testcase classname="tests.integration.assembly.test_assembly.TestDefaultSettings" name="test_none_defaults_use_config_fallback" time="0.050" />
    <testcase classname="tests.integration.assembly.test_assembly.TestCrossfadeTransition" name="test_two_clips_with_crossfade" time="2.102" />
    <testcase classname="tests.integration.assembly.test_assembly.TestTitleScreenPIL" name="test_pil_title_renders_valid_video" time="10.054" />
    <testcase classname="tests.integration.assembly.test_assembly_core.TestAssemblyEngineScalable" name="test_assemble_two_clips_crossfade" time="1.225" />
    <testcase classname="tests.integration.assembly.test_assembly_core.TestAssemblyEngineScalable" name="test_assemble_single_clip_passthrough" time="0.848" />
    <testcase classname="tests.integration.assembly.test_assembly_core.TestAssemblyEngineScalable" name="test_assemble_with_resolution_override" time="1.215" />
    <testcase classname="tests.integration.assembly.test_assembly_core.TestAssemblyEngineScalable" name="test_assemble_no_clips_raises" time="0.013" />
    <testcase classname="tests.integration.assembly.test_assembly_core.TestAssemblyEngineScalable" name="test_assemble_with_cut_transitions" time="1.262" />
    <testcase classname="tests.integration.assembly.test_assembly_core.TestClipEncoder" name="test_encode_clip_default" time="0.825" />
    <testcase classname="tests.integration.assembly.test_assembly_core.TestClipEncoder" name="test_encode_clip_with_rotation" time="0.830" />
    <testcase classname="tests.integration.assembly.test_assembly_core.TestClipEncoder" name="test_encode_clip_resolution" time="0.844" />
    <testcase classname="tests.integration.assembly.test_assembly_core.TestClipEncoder" name="test_encode_clip_blur_mode" time="0.917" />
    <testcase classname="tests.integration.assembly.test_assembly_core.TestClipEncoder" name="test_trim_segment_copy" time="0.086" />
    <testcase classname="tests.integration.assembly.test_assembly_core.TestFilterBuilder" name="test_build_clip_video_filter" time="0.048" />
    <testcase classname="tests.integration.assembly.test_assembly_core.TestFilterBuilder" name="test_build_xfade_chain" time="0.011" />
    <testcase classname="tests.integration.assembly.test_assembly_core.TestFilterBuilder" name="test_build_audio_prep_filters" time="0.011" />
    <testcase classname="tests.integration.assembly.test_assembly_core.TestFilterBuilder" name="test_build_smart_transition_chain" time="0.010" />
    <testcase classname="tests.integration.assembly.test_assembly_core.TestFilterBuilder" name="test_xfade_chain_runs_through_ffmpeg" time="1.055" />
    <testcase classname="tests.integration.assembly.test_assembly_core.TestTitleInserter" name="test_parse_clip_date_iso" time="0.014" />
    <testcase classname="tests.integration.assembly.test_assembly_core.TestTitleInserter" name="test_parse_clip_date_datetime" time="0.014" />
    <testcase classname="tests.integration.assembly.test_assembly_core.TestTitleInserter" name="test_parse_clip_date_none" time="0.011" />
    <testcase classname="tests.integration.assembly.test_assembly_core.TestTitleInserter" name="test_detect_month_changes" time="0.011" />
    <testcase classname="tests.integration.assembly.test_assembly_core.TestTitleInserter" name="test_detect_year_changes" time="0.013" />
    <testcase classname="tests.integration.assembly.test_assembly_core.TestTitleInserter" name="test_build_clips_with_dividers" time="0.011" />
    <testcase classname="tests.integration.assembly.test_assembly_core.TestTitleInserter" name="test_get_orientation_from_clips" time="0.231" />
    <testcase classname="tests.integration.assembly.test_assembly_core.TestTitleInserter" name="test_get_resolution_tier" time="0.052" />
    <testcase classname="tests.integration.assembly.test_assembly_core.TestHDRUtilities" name="test_detect_hdr_on_sdr_clip" time="0.050" />
    <testcase classname="tests.integration.assembly.test_assembly_core.TestHDRUtilities" name="test_detect_color_primaries" time="0.053" />
    <testcase classname="tests.integration.assembly.test_assembly_core.TestHDRUtilities" name="test_get_colorspace_filter_hlg" time="0.011" />
    <testcase classname="tests.integration.assembly.test_assembly_core.TestHDRUtilities" name="test_get_colorspace_filter_pq" time="0.011" />
    <testcase classname="tests.integration.assembly.test_assembly_core.TestHDRUtilities" name="test_get_dominant_hdr_type_sdr_clips" time="0.089" />
    <testcase classname="tests.integration.assembly.test_assembly_core.TestHDRUtilities" name="test_get_clip_hdr_types" time="0.088" />
    <testcase classname="tests.integration.assembly.test_assembly_core.TestHDRUtilities" name="test_has_any_hdr_clip_false_for_sdr" time="0.052" />
    <testcase classname="tests.integration.assembly.test_assembly_core.TestHDRUtilities" name="test_get_gpu_encoder_args_returns_list" time="0.012" />
    <testcase classname="tests.integration.assembly.test_assembly_core.TestHDRUtilities" name="test_get_gpu_encoder_args_hdr" time="0.011" />
    <testcase classname="tests.integration.assembly.test_assembly_core.TestHDRUtilities" name="test_get_hdr_conversion_filter_same_type" time="0.011" />
    <testcase classname="tests.integration.assembly.test_assembly_core.TestHDRUtilities" name="test_get_hdr_conversion_filter_sdr_to_hlg" time="0.050" />
    <testcase classname="tests.integration.assembly.test_assembly_core.TestAssemblyContext" name="test_create_assembly_context_sdr" time="0.053" />
    <testcase classname="tests.integration.assembly.test_assembly_core.TestAssemblyContext" name="test_resolve_target_resolution_explicit" time="0.050" />
    <testcase classname="tests.integration.assembly.test_assembly_core.TestAssemblyContext" name="test_resolve_target_resolution_auto" time="0.086" />
    <testcase classname="tests.integration.assembly.test_assembly_core.TestTransitionDecisions" name="test_get_transition_types_crossfade" time="0.011" />
    <testcase classname="tests.integration.assembly.test_assembly_core.TestTransitionDecisions" name="test_get_transition_types_cut" time="0.010" />
    <testcase classname="tests.integration.assembly.test_assembly_core.TestTransitionDecisions" name="test_title_screen_forces_fade" time="0.012" />
    <testcase classname="tests.integration.assembly.test_assembly_core.TestTransitionDecisions" name="test_validate_fade_transitions_short_clips" time="0.011" />
    <testcase classname="tests.integration.assembly.test_assembly_core.TestTransitionDecisions" name="test_decide_transitions_two_clips" time="0.011" />
    <testcase classname="tests.integration.assembly.test_assembly_core.TestTransitionDecisions" name="test_decide_transitions_empty" time="0.013" />
    <testcase classname="tests.integration.assembly.test_assembly_core.TestTransitionDecisions" name="test_predecided_transitions_override" time="0.011" />
    <testcase classname="tests.integration.assembly.test_assembly_core.TestAssemblyEngineMethods" name="test_assemble_with_cuts" time="0.671" />
    <testcase classname="tests.integration.assembly.test_assembly_core.TestAssemblyEngineMethods" name="test_assemble_with_crossfade" time="0.924" />
    <testcase classname="tests.integration.assembly.test_assembly_core.TestAssemblyEngineMethods" name="test_assemble_with_smart_transitions" time="0.605" />
    <testcase classname="tests.integration.assembly.test_assembly_core.TestAssemblyEngineMethods" name="test_assemble_with_cuts_empty_raises" time="0.012" />
    <testcase classname="tests.integration.assembly.test_assembly_core.TestAssemblyEngineMethods" name="test_assemble_with_crossfade_one_clip_raises" time="0.012" />
    <testcase classname="tests.integration.assembly.test_assembly_core.TestAssemblyEngineMethods" name="test_assemble_with_progress_callback" time="1.176" />
    <testcase classname="tests.integration.assembly.test_assembly_core.TestClipEncoderExtra" name="test_encode_clip_with_title_screen_flag" time="0.479" />
    <testcase classname="tests.integration.assembly.test_assembly_core.TestClipEncoderExtra" name="test_log_ffmpeg_error_parses_stderr" time="0.012" />
    <testcase classname="tests.integration.assembly.test_assembly_core.TestClipEncoderExtra" name="test_log_ffmpeg_error_truncates_long_stderr" time="0.010" />
    <testcase classname="tests.integration.assembly.test_assembly_core.TestClipEncoderExtra" name="test_resolve_encode_resolution_explicit" time="0.012" />
    <testcase classname="tests.integration.assembly.test_assembly_core.TestClipEncoderExtra" name="test_resolve_encode_resolution_from_settings" time="0.011" />
    <testcase classname="tests.integration.assembly.test_assembly_core.TestClipEncoderExtra" name="test_resolve_encode_hdr_sdr" time="0.011" />
    <testcase classname="tests.integration.assembly.test_assembly_core.TestClipEncoderExtra" name="test_resolve_encode_hdr_enabled" time="0.053" />
    <testcase classname="tests.integration.assembly.test_assembly_core.TestClipEncoderExtra" name="test_trim_segment_reencode" time="0.270" />
    <testcase classname="tests.integration.assembly.test_assembly_core.TestFilterBuilderExtra" name="test_build_clip_video_filter_with_rotation" time="0.052" />
    <testcase classname="tests.integration.assembly.test_assembly_core.TestFilterBuilderExtra" name="test_build_clip_video_filter_privacy_mode" time="0.049" />
    <testcase classname="tests.integration.assembly.test_assembly_core.TestFilterBuilderExtra" name="test_build_audio_prep_title_screen_uses_silence" time="0.011" />
    <testcase classname="tests.integration.assembly.test_assembly_core.TestFilterBuilderExtra" name="test_get_clip_hdr_conversion_same_type" time="0.011" />
    <testcase classname="tests.integration.assembly.test_assembly_core.TestFilterBuilderExtra" name="test_get_clip_hdr_conversion_no_hdr" time="0.010" />
    <testcase classname="tests.integration.assembly.test_assembly_core.TestFilterBuilderExtra" name="test_build_probed_audio_filters" time="0.012" />
    <testcase classname="tests.integration.assembly.test_assembly_core.TestFilterBuilderExtra" name="test_build_probed_xfade_chain" time="0.012" />
    <testcase classname="tests.integration.assembly.test_assembly_core.TestTitleInserterExtra" name="test_build_clips_with_year_dividers" time="0.011" />
    <testcase classname="tests.integration.assembly.test_assembly_core.TestTitleInserterExtra" name="test_select_divider_strategy_none" time="0.012" />
    <testcase classname="tests.integration.assembly.test_assembly_core.TestTitleInserterExtra" name="test_assemble_with_titles_disabled" time="0.013" />
    <testcase classname="tests.integration.assembly.test_assembly_core.TestTitleInserterExtra" name="test_assemble_with_titles_no_settings" time="0.012" />
    <testcase classname="tests.integration.assembly.test_assembly_core.TestTitleInserterExtra" name="test_assemble_with_titles_empty_raises" time="0.012" />
    <testcase classname="tests.integration.assembly.test_assembly_core.TestTitleInserterExtra" name="test_parse_clip_date_bad_format" time="0.016" />
    <testcase classname="tests.integration.assembly.test_assembly_core.TestTitleInserterExtra" name="test_detect_month_changes_no_dates" time="0.012" />
    <testcase classname="tests.integration.assembly.test_assembly_core.TestTitleInserterExtra" name="test_detect_year_changes_same_year" time="0.011" />
    <testcase classname="tests.integration.assembly.test_assembly_core.TestTitleInserterExtra" name="test_detect_year_changes_skips_no_date" time="0.011" />
    <testcase classname="tests.integration.assembly.test_assembly_core.TestTitleInserterExtra" name="test_generate_year_dividers" time="0.013" />
    <testcase classname="tests.integration.assembly.test_assembly_core.TestTitleInserterExtra" name="test_generate_month_dividers" time="0.012" />
    <testcase classname="tests.integration.assembly.test_assembly_core.TestTitleInserterExtra" name="test_generate_month_dividers_disabled" time="0.011" />
    <testcase classname="tests.integration.assembly.test_assembly_core.TestTitleInserterExtra" name="test_select_divider_strategy_year_mode" time="0.013" />
    <testcase classname="tests.integration.assembly.test_assembly_core.TestTitleInserterExtra" name="test_select_divider_strategy_month_mode" time="0.012" />
    <testcase classname="tests.integration.assembly.test_assembly_core.TestHDRUtilitiesExtra" name="test_check_zscale_available" time="0.051" />
    <testcase classname="tests.integration.assembly.test_assembly_core.TestHDRUtilitiesExtra" name="test_hdr_color_args" time="0.011" />
    <testcase classname="tests.integration.assembly.test_assembly_core.TestHDRUtilitiesExtra" name="test_encoder_args_macos_sdr" time="0.011" />
    <testcase classname="tests.integration.assembly.test_assembly_core.TestHDRUtilitiesExtra" name="test_encoder_args_macos_hdr" time="0.012" />
    <testcase classname="tests.integration.assembly.test_assembly_core.TestHDRUtilitiesExtra" name="test_encoder_args_cpu_sdr" time="0.011" />
    <testcase classname="tests.integration.assembly.test_assembly_core.TestHDRUtilitiesExtra" name="test_encoder_args_cpu_hdr" time="0.011" />
    <testcase classname="tests.integration.assembly.test_hdr_pixel.TestHDRPassthrough" name="test_hdr_passthrough_preserves_color_range" time="0.218" />
    <testcase classname="tests.integration.assembly.test_hdr_pixel.TestHDRPassthrough" name="test_hdr_chroma_preserved" time="0.173" />
    <testcase classname="tests.integration.assembly.test_hdr_pixel.TestSDRInHDROutput" name="test_sdr_clip_in_hdr_output_not_red_tinted" time="0.157" />
    <testcase classname="tests.integration.assembly.test_hdr_pixel.TestSDRInHDROutput" name="test_sdr_in_hdr_output_not_washed_out" time="0.155" />
    <testcase classname="tests.integration.assembly.test_hdr_pixel.TestHDROutputMetadata" name="test_hdr_output_metadata_correct" time="0.164" />
    <testcase classname="tests.integration.assembly.test_hdr_pixel.TestHDROutputMetadata" name="test_hdr_output_color_range_tagged_tv" time="0.168" />
    <testcase classname="tests.integration.assembly.test_perf_assembly.TestMinimalScenario" name="test_minimal_assembly_resources" time="1.260" />
    <testcase classname="tests.integration.assembly.test_perf_assembly.TestTypicalScenario" name="test_typical_assembly_resources" time="6.041" />
    <testcase classname="tests.integration.assembly.test_perf_assembly.TestHeavyScenario" name="test_heavy_assembly_resources" time="11.153" />
    <testcase classname="tests.integration.assembly.test_perf_assembly" name="test_save_results" time="0.015" />
    <testcase classname="tests.integration.assembly.test_perf_steps.TestPerStepTiming" name="test_assembly_only_step" time="9.894" />
    <testcase classname="tests.integration.assembly.test_perf_steps.TestPerStepTiming" name="test_title_rendering_step" time="12.028" />
    <testcase classname="tests.integration.assembly.test_perf_steps.TestPerStepTiming" name="test_music_mixing_step" time="2.524" />
    <testcase classname="tests.integration.assembly.test_perf_steps.TestPerStepTiming" name="test_full_pipeline_step" time="12.093" />
    <testcase classname="tests.integration.assembly.test_perf_steps" name="test_save_step_results" time="0.017" />
    <testcase classname="tests.integration.assembly.test_perf_title_drilldown.TestSlowmoBackgroundReader" name="test_slowmo_init" time="0.276" />
    <testcase classname="tests.integration.assembly.test_perf_title_drilldown.TestSlowmoBackgroundReader" name="test_catmull_rom_interpolation" time="0.775" />
    <testcase classname="tests.integration.assembly.test_perf_title_drilldown.TestTaichiContentBacked" name="test_taichi_render_content_backed" time="1.868" />
    <testcase classname="tests.integration.assembly.test_perf_title_drilldown.TestTaichiContentBacked" name="test_full_title_content_backed" time="2.112" />
    <testcase classname="tests.integration.assembly.test_perf_title_drilldown.TestTaichiGradient" name="test_taichi_render_gradient_only" time="0.727" />
    <testcase classname="tests.integration.assembly.test_perf_title_drilldown.TestTaichiGradient" name="test_full_title_gradient_only" time="0.976" />
    <testcase classname="tests.integration.assembly.test_perf_title_drilldown" name="test_save_title_drilldown" time="0.018" />
    <testcase classname="tests.integration.assembly.test_streaming_assembly.TestStreamingViaEngine" name="test_two_clips_crossfade" time="1.448" />
    <testcase classname="tests.integration.assembly.test_streaming_assembly.TestStreamingViaEngine" name="test_many_clips_no_chunking" time="4.017" />
    <testcase classname="tests.integration.titles.test_ending_pixels.TestEndingPixels" name="test_early_frames_show_background" time="0.207" />
    <testcase classname="tests.integration.titles.test_ending_pixels.TestEndingPixels" name="test_last_frame_is_bright" time="0.209" />
    <testcase classname="tests.integration.titles.test_ending_pixels.TestEndingPixels" name="test_fade_is_progressive" time="0.402" />
    <testcase classname="tests.integration.titles.test_ending_pixels.TestEndingPixels" name="test_has_audio_stream" time="0.204" />
    <testcase classname="tests.integration.titles.test_generator_pixels.TestTitleScreenPixels" name="test_background_is_dark" time="0.482" />
    <testcase classname="tests.integration.titles.test_generator_pixels.TestTitleScreenPixels" name="test_text_is_visible" time="0.465" />
    <testcase classname="tests.integration.titles.test_generator_pixels.TestTitleScreenPixels" name="test_fade_from_white_first_frame_bright" time="1.087" />
    <testcase classname="tests.integration.titles.test_generator_pixels.TestTitleScreenPixels" name="test_mid_video_darker_than_start" time="1.132" />
    <testcase classname="tests.integration.titles.test_generator_pixels.TestTitleScreenPixels" name="test_has_audio_stream" time="0.460" />
    <testcase classname="tests.integration.titles.test_generator_pixels.TestTitleScreenPixels" name="test_correct_resolution" time="0.471" />
    <testcase classname="tests.integration.titles.test_generator_pixels.TestTitleScreenPixels" name="test_portrait_resolution" time="0.476" />
    <testcase classname="tests.integration.titles.test_generator_pixels.TestMonthDividerPixels" name="test_divider_has_text" time="0.282" />
    <testcase classname="tests.integration.titles.test_generator_pixels.TestMonthDividerPixels" name="test_divider_background_dark" time="0.288" />
    <testcase classname="tests.integration.titles.test_generator_pixels.TestAllScreensPixels" name="test_ending_differs_from_title" time="1.514" />
    <testcase classname="tests.integration.titles.test_generator_pixels.TestAllScreensPixels" name="test_sdr_no_hdr_metadata" time="0.473" />
    <testcase classname="tests.integration.titles.test_perf_titles.TestTitleScreenPerf" name="test_gradient_720p" time="7.757" />
    <testcase classname="tests.integration.titles.test_perf_titles.TestTitleScreenPerf" name="test_content_backed_720p" time="7.166" />
    <testcase classname="tests.integration.titles.test_perf_titles.TestEndingScreenPerf" name="test_ending_720p" time="0.429" />
    <testcase classname="tests.integration.titles.test_perf_titles" name="test_save_title_benchmarks" time="0.012" />
    <testcase classname="tests.integration.titles.test_title_rendering.TestPILTitleRenderer" name="test_render_frame_returns_pil_image" time="0.017" />
    <testcase classname="tests.integration.titles.test_title_rendering.TestPILTitleRenderer" name="test_render_frame_with_subtitle" time="0.016" />
    <testcase classname="tests.integration.titles.test_title_rendering.TestPILTitleRenderer" name="test_render_frame_is_not_blank" time="0.025" />
    <testcase classname="tests.integration.titles.test_title_rendering.TestPILTitleRenderer" name="test_render_all_frames_count" time="0.329" />
    <testcase classname="tests.integration.titles.test_title_rendering.TestPILTitleRenderer" name="test_render_all_frames_parallel" time="0.368" />
    <testcase classname="tests.integration.titles.test_title_rendering.TestPILTitleRenderer" name="test_render_all_frames_parallel_small_count_falls_back" time="0.040" />
    <testcase classname="tests.integration.titles.test_title_rendering.TestPILTitleRenderer" name="test_text_transform_uppercase" time="0.011" />
    <testcase classname="tests.integration.titles.test_title_rendering.TestPILTitleRenderer" name="test_text_transform_capitalize" time="0.013" />
    <testcase classname="tests.integration.titles.test_title_rendering.TestPILTitleRenderer" name="test_text_transform_none" time="0.012" />
    <testcase classname="tests.integration.titles.test_title_rendering.TestPILColorParsing" name="test_parse_hex_color_6_digit" time="0.012" />
    <testcase classname="tests.integration.titles.test_title_rendering.TestPILColorParsing" name="test_parse_hex_color_3_digit" time="0.013" />
    <testcase classname="tests.integration.titles.test_title_rendering.TestPILColorParsing" name="test_parse_color_with_alpha" time="0.011" />
    <testcase classname="tests.integration.titles.test_title_rendering.TestPILColorParsing" name="test_luminance_white" time="0.012" />
    <testcase classname="tests.integration.titles.test_title_rendering.TestPILColorParsing" name="test_luminance_black" time="0.012" />
    <testcase classname="tests.integration.titles.test_title_rendering.TestOptimalTextSettings" name="test_dark_background_gets_light_text" time="0.011" />
    <testcase classname="tests.integration.titles.test_title_rendering.TestOptimalTextSettings" name="test_light_background_gets_dark_text" time="0.013" />
    <testcase classname="tests.integration.titles.test_title_rendering.TestOptimalTextSettings" name="test_settings_cached" time="0.012" />
    <testcase classname="tests.integration.titles.test_title_rendering.TestBlendModes" name="test_normal_blend" time="0.011" />
    <testcase classname="tests.integration.titles.test_title_rendering.TestBlendModes" name="test_multiply_blend" time="0.013" />
    <testcase classname="tests.integration.titles.test_title_rendering.TestBlendModes" name="test_screen_blend" time="0.011" />
    <testcase classname="tests.integration.titles.test_title_rendering.TestBlendModes" name="test_overlay_blend" time="0.012" />
    <testcase classname="tests.integration.titles.test_title_rendering.TestBlendModes" name="test_soft_light_blend" time="0.013" />
    <testcase classname="tests.integration.titles.test_title_rendering.TestBlendModes" name="test_unknown_blend_falls_back_to_normal" time="0.011" />
    <testcase classname="tests.integration.titles.test_title_rendering.TestRenderTitleFrame" name="test_returns_numpy_array" time="0.016" />
    <testcase classname="tests.integration.titles.test_title_rendering.TestRenderTitleFrame" name="test_with_subtitle" time="0.014" />
    <testcase classname="tests.integration.titles.test_title_rendering.TestFFmpegEscaping" name="test_escape_colon" time="0.015" />
    <testcase classname="tests.integration.titles.test_title_rendering.TestFFmpegEscaping" name="test_escape_percent" time="0.012" />
    <testcase classname="tests.integration.titles.test_title_rendering.TestFFmpegEscaping" name="test_escape_brackets" time="0.011" />
    <testcase classname="tests.integration.titles.test_title_rendering.TestFFmpegEscaping" name="test_escape_semicolon" time="0.012" />
    <testcase classname="tests.integration.titles.test_title_rendering.TestFFmpegEscaping" name="test_escape_backslash" time="0.012" />
    <testcase classname="tests.integration.titles.test_title_rendering.TestFFmpegEscaping" name="test_strips_control_characters" time="0.010" />
    <testcase classname="tests.integration.titles.test_title_rendering.TestFFmpegEscaping" name="test_preserves_spaces" time="0.012" />
    <testcase classname="tests.integration.titles.test_title_rendering.TestFFmpegTitleGeneration" name="test_create_title_with_effects" time="0.191" />
    <testcase classname="tests.integration.titles.test_title_rendering.TestFFmpegTitleGeneration" name="test_create_title_with_effects_no_subtitle" time="0.182" />
    <testcase classname="tests.integration.titles.test_title_rendering.TestFFmpegTitleGeneration" name="test_output_is_valid_video" time="0.224" />
    <testcase classname="tests.integration.titles.test_title_rendering.TestFFmpegTitleGeneration" name="test_creates_parent_directory" time="0.189" />
    <testcase classname="tests.integration.titles.test_title_rendering.TestFFmpegTitleGeneration" name="test_special_characters_in_title" time="0.176" />
    <testcase classname="tests.integration.titles.test_title_rendering.TestFFmpegTitleConfig" name="test_defaults" time="0.012" />
    <testcase classname="tests.integration.titles.test_title_rendering.TestFFmpegTitleConfig" name="test_custom_config" time="0.011" />
    <testcase classname="tests.integration.photos.test_mixed_assembly.TestMixedAssembly" name="test_photo_clip_concat_with_video_clip" time="0.451" />
    <testcase classname="tests.integration.photos.test_mixed_assembly.TestMixedAssembly" name="test_two_photo_clips_different_modes" time="1.453" />
    <testcase classname="tests.integration.photos.test_mixed_assembly.TestMixedAssembly" name="test_assembly_clip_is_photo_flag" time="0.304" />
    <testcase classname="tests.integration.photos.test_photo_animation.TestKenBurnsAnimation" name="test_landscape_produces_correct_format" time="0.477" />
    <testcase classname="tests.integration.photos.test_photo_animation.TestKenBurnsAnimation" name="test_first_and_last_frames_differ_from_zoom" time="1.147" />
    <testcase classname="tests.integration.photos.test_photo_animation.TestFaceZoomAnimation" name="test_produces_correct_format" time="0.440" />
    <testcase classname="tests.integration.photos.test_photo_animation.TestFaceZoomAnimation" name="test_face_zoom_differs_from_ken_burns" time="1.574" />
    <testcase classname="tests.integration.photos.test_photo_animation.TestFaceZoomAnimation" name="test_corner_face_produces_valid_output" time="0.374" />
    <testcase classname="tests.integration.photos.test_photo_animation.TestBlurBgAnimation" name="test_portrait_produces_correct_format" time="2.247" />
    <testcase classname="tests.integration.photos.test_photo_animation.TestBlurBgAnimation" name="test_edges_are_blurred" time="2.166" />
    <testcase classname="tests.integration.photos.test_photo_animation.TestBlurBgAnimation" name="test_square_photo" time="1.588" />
    <testcase classname="tests.integration.photos.test_photo_animation.TestAutoModeSelection" name="test_landscape_auto_uses_ken_burns" time="1.230" />
    <testcase classname="tests.integration.photos.test_photo_animation.TestAutoModeSelection" name="test_portrait_auto_uses_blur_bg" time="2.297" />
    <testcase classname="tests.integration.photos.test_photo_pipeline.TestImmichPhotoFetch" name="test_photos_are_images_not_live_photos" time="0.609" />
    <testcase classname="tests.integration.photos.test_photo_pipeline.TestImmichPhotoFetch" name="test_photos_have_created_date" time="0.013" />
    <testcase classname="tests.integration.photos.test_photo_pipeline.TestImmichPhotoFetch" name="test_photos_sorted_chronologically" time="0.011" />
    <testcase classname="tests.integration.photos.test_photo_pipeline.TestImmichPhotoFetch" name="test_some_photos_have_exif" time="0.012" />
    <testcase classname="tests.integration.photos.test_photo_pipeline.TestImmichPhotoGrouping" name="test_grouper_produces_groups" time="0.014" />
    <testcase classname="tests.integration.photos.test_photo_pipeline.TestImmichPhotoGrouping" name="test_scoring_produces_valid_scores" time="0.011" />
    <testcase classname="tests.integration.photos.test_photo_pipeline.TestImmichPhotoAnimation" name="test_download_and_animate_ken_burns" time="1.826" />
    <testcase classname="tests.integration.photos.test_photo_pipeline.TestImmichPhotoAnimation" name="test_animate_portrait_photo" time="1.839" />
    <testcase classname="tests.integration.photos.test_photo_pipeline.TestImmichPhotoAnimation" name="test_hdr_photo_detection" time="1.322" />
    <testcase classname="tests.integration.photos.test_photo_pipeline.TestImmichPhotoWithPeople" name="test_some_photos_have_people" time="0.011" />
    <testcase classname="tests.integration.photos.test_photo_pipeline.TestImmichPhotoWithPeople" name="test_face_data_available_for_scoring" time="0.014" />
    <testcase classname="tests.integration.photos.test_photo_renderer.TestRenderKenBurns" name="test_landscape_in_landscape_produces_valid_video" time="14.075" />
    <testcase classname="tests.integration.photos.test_photo_renderer.TestRenderKenBurns" name="test_portrait_in_landscape_has_blur_bg" time="0.663" />
    <testcase classname="tests.integration.photos.test_photo_renderer.TestRenderKenBurns" name="test_zoom_changes_visible_area" time="0.775" />
    <testcase classname="tests.integration.photos.test_photo_renderer.TestRenderKenBurns" name="test_no_black_pixels_in_output" time="1.064" />
    <testcase classname="tests.integration.photos.test_photo_renderer.TestRenderSlideIn" name="test_produces_correct_frame_count" time="0.457" />
    <testcase classname="tests.integration.photos.test_photo_renderer.TestRenderSlideIn" name="test_first_frame_differs_from_last" time="0.457" />
    <testcase classname="tests.integration.photos.test_photo_renderer.TestRenderSlideIn" name="test_last_frame_has_photo_centered" time="0.509" />
    <testcase classname="tests.integration.photos.test_photo_renderer.TestRenderSlideIn" name="test_encodes_to_valid_video" time="3.150" />
    <testcase classname="tests.integration.photos.test_photo_renderer.TestRenderCollage" name="test_horizontal_3_photos" time="0.669" />
    <testcase classname="tests.integration.photos.test_photo_renderer.TestRenderCollage" name="test_vertical_3_photos" time="0.507" />
    <testcase classname="tests.integration.photos.test_photo_renderer.TestRenderCollage" name="test_slide_in_makes_first_frame_different" time="1.259" />
    <testcase classname="tests.integration.photos.test_photo_renderer.TestRenderCollage" name="test_background_is_not_black" time="0.439" />
    <testcase classname="tests.integration.photos.test_photo_renderer.TestRenderCollage" name="test_rejects_too_few_photos" time="0.012" />
    <testcase classname="tests.integration.photos.test_photo_renderer.TestRenderCollage" name="test_encodes_to_valid_video" time="3.006" />
    <testcase classname="tests.integration.pipeline.test_density_budget.TestDensityBudgetRealData" name="test_budget_selects_clips_from_multiple_months" time="4.475" />
    <testcase classname="tests.integration.pipeline.test_density_budget.TestDensityBudgetRealData" name="test_favorites_take_priority_over_non_favorites" time="0.017" />
    <testcase classname="tests.integration.pipeline.test_density_budget.TestDensityBudgetRealData" name="test_full_pipeline_runs_with_density_budget" time="206.624" />
    <testcase classname="tests.integration.pipeline.test_density_budget.TestDensityBudgetRealData" name="test_clips_have_valid_dimensions" time="0.060" />
    <testcase classname="tests.integration.pipeline.test_full_pipeline.TestFullPipelineWithTitles" name="test_full_pipeline_with_titles_and_transitions" time="75.273" />
    <testcase classname="tests.integration.pipeline.test_full_pipeline.TestFullPipelineSynthetic" name="test_titles_and_crossfade_with_synthetic_clips" time="16.870" />
    <testcase classname="tests.integration.pipeline.test_full_pipeline.TestTripMemoryPipeline" name="test_trip_memory_type_with_gps" time="14.153" />
    <testcase classname="tests.integration.pipeline.test_full_pipeline.TestPipelineWithMusic" name="test_pipeline_with_music_mixing" time="4.057" />
    <testcase classname="tests.integration.pipeline.test_full_pipeline.TestResolutionVariations" name="test_resolution_override_720p" time="3.439" />
    <testcase classname="tests.integration.pipeline.test_full_pipeline.TestResolutionVariations" name="test_scale_mode_applied_in_assembly" time="2.445" />
    <testcase classname="tests.integration.pipeline.test_full_pipeline.TestLivePhotoFullPipeline" name="test_full_pipeline_with_live_photos" time="87.063">
      <skipped type="pytest.skip" message="Not enough same-orientation clips after filtering">/Users/sam/Code/perso/immich-video-memory-generator/tests/integration/pipeline/test_full_pipeline.py:653: Not enough same-orientation clips after filtering</skipped>
    </testcase>
    <testcase classname="tests.integration.pipeline.test_full_pipeline.TestTitleOverridePipeline" name="test_custom_title_override_renders" time="13.677" />
    <testcase classname="tests.integration.pipeline.test_full_pipeline.TestCutTransitionPipeline" name="test_cut_transition_no_overlap" time="3.447" />
    <testcase classname="tests.integration.pipeline.test_full_pipeline.TestPrivacyModePipeline" name="test_privacy_mode_blurs_clips" time="4.473" />
    <testcase classname="tests.integration.pipeline.test_generate.TestGenerateMemoryIntegration" name="test_generates_valid_video_from_clips" time="3.517" />
    <testcase classname="tests.integration.pipeline.test_generate.TestGenerateMemoryIntegration" name="test_single_clip_passthrough" time="2.167" />
    <testcase classname="tests.integration.pipeline.test_perf_pipeline.TestFullPipelineBenchmark" name="test_immich_assembly_only" time="23.912" />
    <testcase classname="tests.integration.pipeline.test_perf_pipeline.TestFullPipelineBenchmark" name="test_immich_with_titles" time="39.581" />
    <testcase classname="tests.integration.pipeline.test_perf_pipeline.TestFullPipelineBenchmark" name="test_immich_full_pipeline" time="40.676" />
    <testcase classname="tests.integration.pipeline.test_perf_pipeline" name="test_save_pipeline_results" time="0.120" />
    <testcase classname="tests.integration.pipeline.test_scenarios.TestErrorHandling" name="test_exception_wraps_in_generation_error" time="2.365" />
    <testcase classname="tests.integration.pipeline.test_scenarios.TestMusicApplication" name="test_music_mixed_into_video" time="2.352" />
    <testcase classname="tests.integration.pipeline.test_scenarios.TestLivePhotoBurst" name="test_burst_merge_produces_video" time="10.086" />
    <testcase classname="tests.integration.pipeline.test_scenarios.TestLivePhotoMergeReal" name="test_auto_detect_and_merge_live_photos" time="132.361">
      <skipped type="pytest.skip" message="Not enough same-orientation clips after filtering">/Users/sam/Code/perso/immich-video-memory-generator/tests/integration/pipeline/test_scenarios.py:300: Not enough same-orientation clips after filtering</skipped>
    </testcase>
    <testcase classname="tests.integration.pipeline.test_scenarios.TestErrorWrapping" name="test_non_generation_error_gets_wrapped" time="0.508" />
    <testcase classname="tests.integration.pipeline.test_scenarios.TestTripTitleSettings" name="test_trip_memory_type_builds_title_with_locations" time="0.108" />
    <testcase classname="tests.integration.pipeline.test_scenarios.TestClipSegmentOverrides" name="test_custom_segment_trims_clip" time="1.694" />
    <testcase classname="tests.integration.live_photos.test_merge.TestLivePhotoSpectrogram" name="test_spectrogram_alignment_produces_valid_video" time="175.629" />
    <testcase classname="tests.integration.live_photos.test_merge.TestLivePhotoSpectrogram" name="test_generate_memory_with_live_burst" time="52.525" />
    <testcase classname="tests.integration.live_photos.test_merge.TestLivePhotoSpectrogram" name="test_second_burst_also_merges" time="149.668" />
  </testsuite>
</testsuites>